<?xml version="1.0" encoding="UTF-8" ?>
<testsuite failures="0" time="0.001" errors="0" skipped="0" tests="6" name="test.FilterTest">
  <properties>
[...]
</properties>
  <testcase time="0" classname="test.FilterTest" name="testConstructor"/>
  <testcase time="0" classname="test.FilterTest" name="testGetCondition"/>
  <testcase time="0" classname="test.FilterTest" name="testToString"/>
  <testcase time="0" classname="test.FilterTest" name="testConstructorFailure"/>
  <testcase time="0" classname="test.FilterTest" name="testEquals"/>
  <testcase time="0" classname="test.FilterTest" name="testHashCode"/>
</testsuite>